\BOOKMARK [0][]{Inhaltsverzeichnis.0}{Inhaltsverzeichnis}{}% 1
\BOOKMARK [0][]{chapter.1}{1 Aufgabe 1: Bestimung Temperaturabhaenginger Wiederstaende}{}% 2
\BOOKMARK [1][-]{section.1.1}{1.1 Messung}{chapter.1}% 3
\BOOKMARK [1][-]{section.1.2}{1.2 Auswertung}{chapter.1}% 4
\BOOKMARK [2][-]{subsection.1.2.1}{1.2.1 NTC}{section.1.2}% 5
\BOOKMARK [2][-]{subsection.1.2.2}{1.2.2 PT100}{section.1.2}% 6
\BOOKMARK [0][]{chapter.2}{2 Aufgabe 2: Kennlinien Elektrischer Bauelemente}{}% 7
\BOOKMARK [1][-]{section.2.1}{2.1 Grundlagen}{chapter.2}% 8
\BOOKMARK [2][-]{subsection.2.1.1}{2.1.1 Halbleiter}{section.2.1}% 9
\BOOKMARK [2][-]{subsection.2.1.2}{2.1.2 Der P-N \334bergang}{section.2.1}% 10
\BOOKMARK [2][-]{subsection.2.1.3}{2.1.3 Zenerdiode}{section.2.1}% 11
\BOOKMARK [2][-]{subsection.2.1.4}{2.1.4 Die Leuchtdiode}{section.2.1}% 12
\BOOKMARK [2][-]{subsection.2.1.5}{2.1.5 Varistor}{section.2.1}% 13
\BOOKMARK [2][-]{subsection.2.1.6}{2.1.6 Der Fotowiderstand}{section.2.1}% 14
\BOOKMARK [2][-]{subsection.2.1.7}{2.1.7 Die Fotodiode}{section.2.1}% 15
\BOOKMARK [1][-]{section.2.2}{2.2 Anwendungen von Zenerdiodeund Varistor}{chapter.2}% 16
\BOOKMARK [1][-]{section.2.3}{2.3 Kennlinienvermessung verschiedener Bauelemente}{chapter.2}% 17
\BOOKMARK [2][-]{subsection.2.3.1}{2.3.1 Silizium Diode}{section.2.3}% 18
\BOOKMARK [2][-]{subsection.2.3.2}{2.3.2 Germaniumdiode}{section.2.3}% 19
\BOOKMARK [2][-]{subsection.2.3.3}{2.3.3 Zenerdiode}{section.2.3}% 20
\BOOKMARK [2][-]{subsection.2.3.4}{2.3.4 Varistor}{section.2.3}% 21
\BOOKMARK [2][-]{subsection.2.3.5}{2.3.5 Leuchtdioden}{section.2.3}% 22
\BOOKMARK [1][-]{section.2.4}{2.4 Photowiederstand}{chapter.2}% 23
\BOOKMARK [1][-]{section.2.5}{2.5 Fotodiode}{chapter.2}% 24
\BOOKMARK [1][-]{section.2.6}{2.6 Bemerkungen}{chapter.2}% 25
\BOOKMARK [0][]{chapter.3}{3 Aufgabe 3: Verhalten eines Phototransistors unter verschiedenen Beleuchtungsstaerken}{}% 26
\BOOKMARK [0][]{chapter.4}{4 Aufgabe 4: Der Piezoelektrische Effekt am Piezoelement}{}% 27
\BOOKMARK [1][-]{section.4.1}{4.1 Grundlagen}{chapter.4}% 28
\BOOKMARK [2][-]{subsection.4.1.1}{4.1.1 Beobachtung des piezoelektrischen Effektes als Lautsprecher}{section.4.1}% 29
\BOOKMARK [2][-]{subsection.4.1.2}{4.1.2 Der Piezoelektrische Effekt}{section.4.1}% 30
\BOOKMARK [1][-]{section.4.2}{4.2 Anwendungen des Piezoeffektes}{chapter.4}% 31
\BOOKMARK [0][]{chapter.5}{5 Aufgabe 5: Bestimmung der Sprungtemperatur eines Hochtemperatursupraleiters}{}% 32
